0 verbose cli /opt/homebrew/Cellar/node/20.2.0/bin/node /opt/homebrew/lib/node_modules/npm/bin/npm-cli.js
1 info using npm@9.6.6
2 info using node@v20.2.0
3 timing npm:load:whichnode Completed in 1ms
4 timing config:load:defaults Completed in 1ms
5 timing config:load:file:/opt/homebrew/lib/node_modules/npm/npmrc Completed in 1ms
6 timing config:load:builtin Completed in 1ms
7 timing config:load:cli Completed in 1ms
8 timing config:load:env Completed in 0ms
9 timing config:load:file:/Volumes/code/Development/cash-services/backfila/.npmrc Completed in 0ms
10 timing config:load:project Completed in 1ms
11 timing config:load:file:/Users/adrw/.npmrc Completed in 1ms
12 timing config:load:user Completed in 1ms
13 timing config:load:file:/Volumes/code/Development/cash-services/backfila/.hermit/node/etc/npmrc Completed in 0ms
14 timing config:load:global Completed in 0ms
15 timing config:load:setEnvs Completed in 1ms
16 timing config:load Completed in 7ms
17 timing npm:load:configload Completed in 7ms
18 timing npm:load:mkdirpcache Completed in 0ms
19 timing npm:load:mkdirplogs Completed in 0ms
20 verbose title npm exec zsh
21 verbose argv "exec" "--" "zsh"
22 timing npm:load:setTitle Completed in 3ms
23 timing config:load:flatten Completed in 1ms
24 timing npm:load:display Completed in 1ms
25 verbose logfile logs-max:10 dir:/Volumes/code/Development/cash-services/backfila/.hermit/node/cache/_logs/2023-06-16T15_43_53_630Z-
26 verbose logfile /Volumes/code/Development/cash-services/backfila/.hermit/node/cache/_logs/2023-06-16T15_43_53_630Z-debug-0.log
27 timing npm:load:logFile Completed in 6ms
28 timing npm:load:timers Completed in 0ms
29 timing npm:load:configScope Completed in 0ms
30 timing npm:load Completed in 18ms
31 timing arborist:ctor Completed in 1ms
32 silly logfile done cleaning log files
33 http fetch GET 200 https://registry.npmjs.org/npm 462ms (cache miss)
34 http fetch GET 200 https://registry.npmjs.org/zsh 536ms (cache miss)
35 timing command:exec Completed in 563ms
36 notice
36 notice New [33mminor[39m version of npm available! [31m9.6.6[39m -> [32m9.7.1[39m
36 notice Changelog: [36mhttps://github.com/npm/cli/releases/tag/v9.7.1[39m
36 notice Run [32mnpm install -g npm@9.7.1[39m to update!
36 notice
37 verbose stack Error: could not determine executable to run
37 verbose stack     at getBinFromManifest (/opt/homebrew/lib/node_modules/npm/node_modules/libnpmexec/lib/get-bin-from-manifest.js:17:23)
37 verbose stack     at exec (/opt/homebrew/lib/node_modules/npm/node_modules/libnpmexec/lib/index.js:188:15)
37 verbose stack     at async module.exports (/opt/homebrew/lib/node_modules/npm/lib/cli.js:89:5)
38 verbose pkgid zsh@0.0.1
39 verbose cwd /Volumes/code/Development/cash-services/backfila
40 verbose Darwin 22.5.0
41 verbose node v20.2.0
42 verbose npm  v9.6.6
43 error could not determine executable to run
44 verbose exit 1
45 timing npm Completed in 718ms
46 verbose code 1
47 error A complete log of this run can be found in: /Volumes/code/Development/cash-services/backfila/.hermit/node/cache/_logs/2023-06-16T15_43_53_630Z-debug-0.log
